<?xml version="1.0" encoding="UTF-8"?>
<!-- Generated by org.testng.reporters.JUnitReportReporter -->
<testsuite skipped="0" hostname="MD-OLIUR-RAHMAN" name="Final1.testng" tests="1" failures="0" timestamp="2020-03-30T02:32:11 EDT" time="18.988" errors="0">
  <testcase name="shamim" time="18.988" classname="Final1.testng"/>
  <system-out/>
</testsuite> <!-- Final1.testng -->
